<?xml version="1.0" encoding="UTF-8"?>
<!-- Generated by org.testng.reporters.JUnitReportReporter -->
<testsuite hostname="LAPTOP-I3ABMITL" name="com.ems.nonbdd.GetAllEmployees" tests="1" failures="0" timestamp="9 Nov 2022 10:00:34 GMT" time="1.810" errors="0">
  <testcase name="getAllEmployees" time="1.810" classname="com.ems.nonbdd.GetAllEmployees"/>
</testsuite> <!-- com.ems.nonbdd.GetAllEmployees -->
