<?xml version="1.0" encoding="UTF-8"?>
<!-- Generated by org.testng.reporters.JUnitReportReporter -->
<testsuite hostname="LAPTOP-I3ABMITL" name="com.ems.bdd.style.GetAllEmployees" tests="1" failures="0" timestamp="4 Feb 2023 06:09:49 GMT" time="1.577" errors="0">
  <testcase name="getAllEmployees" time="1.577" classname="com.ems.bdd.style.GetAllEmployees"/>
</testsuite> <!-- com.ems.bdd.style.GetAllEmployees -->
