<?xml version="1.0" encoding="UTF-8"?>
<!-- Generated by org.testng.reporters.JUnitReportReporter -->
<testsuite hostname="LAPTOP-I3ABMITL" name="com.ems.nonbdd.GetAllEmployees_23" tests="1" failures="0" timestamp="3 Feb 2023 22:06:59 GMT" time="2.189" errors="0">
  <testcase name="getAllEmployees" time="2.189" classname="com.ems.nonbdd.GetAllEmployees_23"/>
</testsuite> <!-- com.ems.nonbdd.GetAllEmployees_23 -->
