<?xml version="1.0" encoding="UTF-8"?>
<!-- Generated by org.testng.reporters.JUnitReportReporter -->
<testsuite hostname="LAPTOP-I3ABMITL" name="com.ems.bdd.style.GetAllEmployeesBDD" tests="2" failures="0" timestamp="4 Feb 2023 06:53:14 GMT" time="1.392" errors="0">
  <testcase name="deleteAnEmployeeBDD" time="0.049" classname="com.ems.bdd.style.GetAllEmployeesBDD"/>
  <testcase name="createEmployeeFromJsonFile" time="1.343" classname="com.ems.bdd.style.GetAllEmployeesBDD"/>
</testsuite> <!-- com.ems.bdd.style.GetAllEmployeesBDD -->
